<?xml version="1.0" encoding="UTF-8"?>
<!-- Generated by org.testng.reporters.JUnitXMLReporter -->
<testsuite ignored="0" hostname="LAPTOP-N716SJOQ" failures="1" tests="25" name="Default test" time="15.515" errors="0" timestamp="2021-07-12T21:29:33 IST">
  <testcase classname="TDD.Practicepage.Navigation" name="newWindow" time="0.86"/>
  <testcase classname="TDD.Practicepage.Navigation" name="alertWindow" time="0.075"/>
  <testcase classname="TDD.Practicepage.Navigation" name="datepicker" time="1.322"/>
  <testcase classname="TDD.Practicepage.Navigation" name="selectMenuSpeeds" time="0.339"/>
  <testcase classname="TDD.Practicepage.Navigation" name="selectMenuFiles" time="0.266"/>
  <testcase classname="TDD.Practicepage.Navigation" name="selectMenuNumber" time="0.304"/>
  <testcase classname="TDD.Practicepage.Navigation" name="textMenu" time="0.071"/>
  <testcase classname="TDD.Practicepage.Navigation" name="table" time="0.191"/>
  <testcase classname="TDD.Practicepage.Navigation" name="toolTip" time="0.281"/>
  <testcase classname="TDD.Practicepage.Navigation" name="lasttName" time="0.001"/>
  <testcase classname="TDD.Practicepage.Navigation" name="lasttName" time="0.0"/>
  <testcase classname="TDD.Practicepage.Navigation" name="lasttName" time="0.002"/>
  <testcase classname="TDD.Practicepage.Navigation" name="lasttName" time="0.001"/>
  <testcase classname="TDD.Practicepage.Navigation" name="phone" time="0.491"/>
  <testcase classname="TDD.Practicepage.Navigation" name="country" time="0.001">
    <failure type="java.io.IOException" message="Failed to read zip entry source">
      <![CDATA[java.io.IOException: Failed to read zip entry source
at org.apache.poi.openxml4j.opc.ZipPackage.<init>(ZipPackage.java:103)
at org.apache.poi.openxml4j.opc.OPCPackage.open(OPCPackage.java:324)
at org.apache.poi.util.PackageHelper.open(PackageHelper.java:37)
at org.apache.poi.xssf.usermodel.XSSFWorkbook.<init>(XSSFWorkbook.java:295)
at TDD.Practicepage.Navigation.country(Navigation.java:291)
at java.base/jdk.internal.reflect.NativeMethodAccessorImpl.invoke0(Native Method)
at java.base/jdk.internal.reflect.NativeMethodAccessorImpl.invoke(NativeMethodAccessorImpl.java:62)
at java.base/jdk.internal.reflect.DelegatingMethodAccessorImpl.invoke(DelegatingMethodAccessorImpl.java:43)
at java.base/java.lang.reflect.Method.invoke(Method.java:566)
at org.testng.internal.MethodInvocationHelper.invokeMethod(MethodInvocationHelper.java:132)
at org.testng.internal.TestInvoker.invokeMethod(TestInvoker.java:599)
at org.testng.internal.TestInvoker.invokeTestMethod(TestInvoker.java:174)
at org.testng.internal.MethodRunner.runInSequence(MethodRunner.java:46)
at org.testng.internal.TestInvoker$MethodInvocationAgent.invoke(TestInvoker.java:822)
at org.testng.internal.TestInvoker.invokeTestMethods(TestInvoker.java:147)
at org.testng.internal.TestMethodWorker.invokeTestMethods(TestMethodWorker.java:146)
at org.testng.internal.TestMethodWorker.run(TestMethodWorker.java:128)
at java.base/java.util.ArrayList.forEach(ArrayList.java:1541)
at org.testng.TestRunner.privateRun(TestRunner.java:764)
at org.testng.TestRunner.run(TestRunner.java:585)
at org.testng.SuiteRunner.runTest(SuiteRunner.java:384)
at org.testng.SuiteRunner.runSequentially(SuiteRunner.java:378)
at org.testng.SuiteRunner.privateRun(SuiteRunner.java:337)
at org.testng.SuiteRunner.run(SuiteRunner.java:286)
at org.testng.SuiteRunnerWorker.runSuite(SuiteRunnerWorker.java:53)
at org.testng.SuiteRunnerWorker.run(SuiteRunnerWorker.java:96)
at org.testng.TestNG.runSuitesSequentially(TestNG.java:1218)
at org.testng.TestNG.runSuitesLocally(TestNG.java:1140)
at org.testng.TestNG.runSuites(TestNG.java:1069)
at org.testng.TestNG.run(TestNG.java:1037)
at org.testng.remote.AbstractRemoteTestNG.run(AbstractRemoteTestNG.java:115)
at org.testng.remote.RemoteTestNG.initAndRun(RemoteTestNG.java:251)
at org.testng.remote.RemoteTestNG.main(RemoteTestNG.java:77)
Caused by: java.io.EOFException: Unexpected end of ZLIB input stream
at java.base/java.util.zip.InflaterInputStream.fill(InflaterInputStream.java:245)
at java.base/java.util.zip.InflaterInputStream.read(InflaterInputStream.java:159)
at java.base/java.util.zip.ZipInputStream.read(ZipInputStream.java:197)
at org.apache.poi.openxml4j.util.ZipSecureFile$ThresholdInputStream.read(ZipSecureFile.java:220)
at java.base/java.io.FilterInputStream.read(FilterInputStream.java:107)
at org.apache.poi.openxml4j.util.ZipInputStreamZipEntrySource$FakeZipEntry.<init>(ZipInputStreamZipEntrySource.java:132)
at org.apache.poi.openxml4j.util.ZipInputStreamZipEntrySource.<init>(ZipInputStreamZipEntrySource.java:56)
at org.apache.poi.openxml4j.opc.ZipPackage.<init>(ZipPackage.java:100)
... 32 more
]]>
    </failure>
  </testcase> <!-- country -->
  <testcase classname="TDD.Practicepage.Navigation" name="city" time="0.0"/>
  <testcase classname="TDD.Practicepage.Navigation" name="email" time="0.001"/>
  <testcase classname="TDD.Practicepage.Navigation" name="radio" time="0.001"/>
  <testcase classname="TDD.Practicepage.Navigation" name="checkbox" time="0.001"/>
  <testcase classname="TDD.Practicepage.Navigation" name="thrusday" time="0.0"/>
  <testcase classname="TDD.Practicepage.Navigation" name="Doubleclick" time="0.157"/>
  <testcase classname="TDD.Practicepage.Navigation" name="dragAndDrop" time="0.386"/>
  <testcase classname="TDD.Practicepage.Navigation" name="sliders" time="0.46"/>
  <testcase classname="TDD.Practicepage.Navigation" name="resize" time="0.435"/>
  <testcase classname="TDD.Practicepage.Navigation" name="barcodes" time="0.931"/>
</testsuite> <!-- Default test -->
