<?xml version="1.0" encoding="UTF-8"?>
<!-- Generated by org.testng.reporters.JUnitXMLReporter -->
<testsuite ignored="0" hostname="LAPTOP-N716SJOQ" failures="0" tests="25" name="Default test" time="18.752" errors="0" timestamp="2021-07-06T09:34:07 IST">
  <testcase classname="TDD.Practicepage.Navigation" name="newWindow" time="1.091"/>
  <testcase classname="TDD.Practicepage.Navigation" name="alertWindow" time="0.118"/>
  <testcase classname="TDD.Practicepage.Navigation" name="datepicker" time="1.81"/>
  <testcase classname="TDD.Practicepage.Navigation" name="selectMenuSpeeds" time="0.48"/>
  <testcase classname="TDD.Practicepage.Navigation" name="selectMenuFiles" time="0.361"/>
  <testcase classname="TDD.Practicepage.Navigation" name="selectMenuNumber" time="0.336"/>
  <testcase classname="TDD.Practicepage.Navigation" name="textMenu" time="0.086"/>
  <testcase classname="TDD.Practicepage.Navigation" name="table" time="0.227"/>
  <testcase classname="TDD.Practicepage.Navigation" name="toolTip" time="0.306"/>
  <testcase classname="TDD.Practicepage.Navigation" name="lasttName" time="0.002"/>
  <testcase classname="TDD.Practicepage.Navigation" name="lasttName" time="0.002"/>
  <testcase classname="TDD.Practicepage.Navigation" name="lasttName" time="0.002"/>
  <testcase classname="TDD.Practicepage.Navigation" name="lasttName" time="0.002"/>
  <testcase classname="TDD.Practicepage.Navigation" name="phone" time="0.959"/>
  <testcase classname="TDD.Practicepage.Navigation" name="country" time="0.295"/>
  <testcase classname="TDD.Practicepage.Navigation" name="city" time="0.001"/>
  <testcase classname="TDD.Practicepage.Navigation" name="email" time="0.002"/>
  <testcase classname="TDD.Practicepage.Navigation" name="radio" time="0.002"/>
  <testcase classname="TDD.Practicepage.Navigation" name="checkbox" time="0.002"/>
  <testcase classname="TDD.Practicepage.Navigation" name="thrusday" time="0.001"/>
  <testcase classname="TDD.Practicepage.Navigation" name="Doubleclick" time="0.196"/>
  <testcase classname="TDD.Practicepage.Navigation" name="dragAndDrop" time="0.423"/>
  <testcase classname="TDD.Practicepage.Navigation" name="sliders" time="0.433"/>
  <testcase classname="TDD.Practicepage.Navigation" name="resize" time="0.438"/>
  <testcase classname="TDD.Practicepage.Navigation" name="barcodes" time="1.47"/>
</testsuite> <!-- Default test -->
