<?xml version="1.0" encoding="UTF-8"?>
<!-- Generated by org.testng.reporters.JUnitXMLReporter -->
<testsuite ignored="0" hostname="LAPTOP-N716SJOQ" failures="0" tests="23" name="base" time="28.299" errors="0" timestamp="2021-07-02T10:16:33 IST">
  <testcase classname="Practice.Navigation" name="newWindow" time="1.154"/>
  <testcase classname="Practice.Navigation" name="alertWindow" time="0.093"/>
  <testcase classname="Practice.Navigation" name="datepicker" time="1.579"/>
  <testcase classname="Practice.Navigation" name="selectMenuSpeeds" time="0.49"/>
  <testcase classname="Practice.Navigation" name="selectMenuFiles" time="0.349"/>
  <testcase classname="Practice.Navigation" name="selectMenuNumber" time="0.336"/>
  <testcase classname="Practice.Navigation" name="textMenu" time="0.059"/>
  <testcase classname="Practice.Navigation" name="table" time="0.252"/>
  <testcase classname="Practice.Navigation" name="toolTip" time="0.308"/>
  <testcase classname="Practice.Navigation" name="firstName" time="0.0"/>
  <testcase classname="Practice.Navigation" name="lasttName" time="0.009"/>
  <testcase classname="Practice.Navigation" name="phone" time="0.0"/>
  <testcase classname="Practice.Navigation" name="country" time="0.009"/>
  <testcase classname="Practice.Navigation" name="city" time="0.0"/>
  <testcase classname="Practice.Navigation" name="email" time="0.0"/>
  <testcase classname="Practice.Navigation" name="radio" time="0.0"/>
  <testcase classname="Practice.Navigation" name="checkbox" time="10.039"/>
  <testcase classname="Practice.Navigation" name="thrusday" time="0.0"/>
  <testcase classname="Practice.Navigation" name="Doubleclick" time="0.204"/>
  <testcase classname="Practice.Navigation" name="dragAndDrop" time="0.428"/>
  <testcase classname="Practice.Navigation" name="sliders" time="0.465"/>
  <testcase classname="Practice.Navigation" name="resize" time="0.438"/>
  <testcase classname="Practice.Navigation" name="barcodes" time="1.41"/>
</testsuite> <!-- base -->
