<?xml version="1.0" encoding="UTF-8"?>
<!-- Generated by org.testng.reporters.JUnitXMLReporter -->
<testsuite ignored="5" hostname="LAPTOP-N716SJOQ" failures="0" tests="20" name="Testing" time="20.23" errors="0" timestamp="2021-07-12T18:35:14 IST">
  <testcase classname="TDD.Practicepage.Navigation" name="newWindow" time="1.341"/>
  <testcase classname="TDD.Practicepage.Navigation" name="alertWindow" time="0.095"/>
  <testcase classname="TDD.Practicepage.Navigation" name="datepicker" time="1.599"/>
  <testcase classname="TDD.Practicepage.Navigation" name="selectMenuSpeeds" time="0.541"/>
  <testcase classname="TDD.Practicepage.Navigation" name="selectMenuFiles" time="0.364"/>
  <testcase classname="TDD.Practicepage.Navigation" name="selectMenuNumber" time="0.377"/>
  <testcase classname="TDD.Practicepage.Navigation" name="textMenu" time="0.071"/>
  <testcase classname="TDD.Practicepage.Navigation" name="table" time="0.273"/>
  <testcase classname="TDD.Practicepage.Navigation" name="toolTip" time="0.304"/>
  <testcase classname="TDD.Practicepage.Navigation" name="lasttName" time="0.0"/>
  <testcase classname="TDD.Practicepage.Navigation" name="lasttName" time="0.0"/>
  <testcase classname="TDD.Practicepage.Navigation" name="lasttName" time="0.0"/>
  <testcase classname="TDD.Practicepage.Navigation" name="lasttName" time="0.0"/>
  <testcase classname="TDD.Practicepage.Navigation" name="phone" time="0.964"/>
  <testcase classname="TDD.Practicepage.Navigation" name="country" time="0.295"/>
  <testcase classname="TDD.Practicepage.Navigation" name="Doubleclick" time="0.184"/>
  <testcase classname="TDD.Practicepage.Navigation" name="dragAndDrop" time="0.42"/>
  <testcase classname="TDD.Practicepage.Navigation" name="sliders" time="0.427"/>
  <testcase classname="TDD.Practicepage.Navigation" name="resize" time="0.426"/>
  <testcase classname="TDD.Practicepage.Navigation" name="barcodes" time="2.466"/>
  <testcase classname="TDD.Practicepage.Navigation" name="checkbox" time="0.0">
    <ignored/>
  </testcase> <!-- checkbox -->
  <testcase classname="TDD.Practicepage.Navigation" name="thrusday" time="0.0">
    <ignored/>
  </testcase> <!-- thrusday -->
  <testcase classname="TDD.Practicepage.Navigation" name="email" time="0.0">
    <ignored/>
  </testcase> <!-- email -->
  <testcase classname="TDD.Practicepage.Navigation" name="radio" time="0.0">
    <ignored/>
  </testcase> <!-- radio -->
  <testcase classname="TDD.Practicepage.Navigation" name="city" time="0.0">
    <ignored/>
  </testcase> <!-- city -->
</testsuite> <!-- Testing -->
