<?xml version="1.0" encoding="UTF-8"?>
<!-- Generated by org.testng.reporters.JUnitXMLReporter -->
<testsuite ignored="9" hostname="LAPTOP-N716SJOQ" failures="0" tests="14" name="Test" time="23.011" errors="0" timestamp="2021-07-03T20:48:54 IST">
  <testcase classname="Practice.Navigation" name="Doubleclick" time="0.213"/>
  <testcase classname="Practice.Navigation" name="alertWindow" time="0.086"/>
  <testcase classname="Practice.Navigation" name="barcodes" time="1.504"/>
  <testcase classname="Practice.Navigation" name="datepicker" time="1.64"/>
  <testcase classname="Practice.Navigation" name="dragAndDrop" time="0.421"/>
  <testcase classname="Practice.Navigation" name="newWindow" time="2.361"/>
  <testcase classname="Practice.Navigation" name="resize" time="0.443"/>
  <testcase classname="Practice.Navigation" name="selectMenuFiles" time="0.355"/>
  <testcase classname="Practice.Navigation" name="selectMenuNumber" time="0.334"/>
  <testcase classname="Practice.Navigation" name="selectMenuSpeeds" time="0.442"/>
  <testcase classname="Practice.Navigation" name="sliders" time="0.468"/>
  <testcase classname="Practice.Navigation" name="table" time="0.24"/>
  <testcase classname="Practice.Navigation" name="textMenu" time="0.069"/>
  <testcase classname="Practice.Navigation" name="toolTip" time="0.296"/>
  <testcase classname="Practice.Navigation" name="phone" time="0.0">
    <ignored/>
  </testcase> <!-- phone -->
  <testcase classname="Practice.Navigation" name="city" time="0.0">
    <ignored/>
  </testcase> <!-- city -->
  <testcase classname="Practice.Navigation" name="country" time="0.0">
    <ignored/>
  </testcase> <!-- country -->
  <testcase classname="Practice.Navigation" name="firstName" time="0.0">
    <ignored/>
  </testcase> <!-- firstName -->
  <testcase classname="Practice.Navigation" name="thrusday" time="0.0">
    <ignored/>
  </testcase> <!-- thrusday -->
  <testcase classname="Practice.Navigation" name="lasttName" time="0.0">
    <ignored/>
  </testcase> <!-- lasttName -->
  <testcase classname="Practice.Navigation" name="radio" time="0.0">
    <ignored/>
  </testcase> <!-- radio -->
  <testcase classname="Practice.Navigation" name="checkbox" time="0.0">
    <ignored/>
  </testcase> <!-- checkbox -->
  <testcase classname="Practice.Navigation" name="email" time="0.0">
    <ignored/>
  </testcase> <!-- email -->
</testsuite> <!-- Test -->
