<?xml version="1.0" encoding="UTF-8"?>
<!-- Generated by org.testng.reporters.JUnitXMLReporter -->
<testsuite ignored="5" hostname="LAPTOP-N716SJOQ" failures="0" tests="20" name="Testing" time="20.705" errors="0" timestamp="2021-07-06T09:34:38 IST">
  <testcase classname="TDD.Practicepage.Navigation" name="newWindow" time="1.085"/>
  <testcase classname="TDD.Practicepage.Navigation" name="alertWindow" time="0.115"/>
  <testcase classname="TDD.Practicepage.Navigation" name="datepicker" time="1.591"/>
  <testcase classname="TDD.Practicepage.Navigation" name="selectMenuSpeeds" time="0.464"/>
  <testcase classname="TDD.Practicepage.Navigation" name="selectMenuFiles" time="0.326"/>
  <testcase classname="TDD.Practicepage.Navigation" name="selectMenuNumber" time="0.389"/>
  <testcase classname="TDD.Practicepage.Navigation" name="textMenu" time="0.092"/>
  <testcase classname="TDD.Practicepage.Navigation" name="table" time="0.291"/>
  <testcase classname="TDD.Practicepage.Navigation" name="toolTip" time="0.334"/>
  <testcase classname="TDD.Practicepage.Navigation" name="lasttName" time="0.002"/>
  <testcase classname="TDD.Practicepage.Navigation" name="lasttName" time="0.001"/>
  <testcase classname="TDD.Practicepage.Navigation" name="lasttName" time="0.002"/>
  <testcase classname="TDD.Practicepage.Navigation" name="lasttName" time="0.002"/>
  <testcase classname="TDD.Practicepage.Navigation" name="phone" time="0.926"/>
  <testcase classname="TDD.Practicepage.Navigation" name="country" time="0.309"/>
  <testcase classname="TDD.Practicepage.Navigation" name="Doubleclick" time="0.196"/>
  <testcase classname="TDD.Practicepage.Navigation" name="dragAndDrop" time="0.408"/>
  <testcase classname="TDD.Practicepage.Navigation" name="sliders" time="0.45"/>
  <testcase classname="TDD.Practicepage.Navigation" name="resize" time="0.467"/>
  <testcase classname="TDD.Practicepage.Navigation" name="barcodes" time="1.428"/>
  <testcase classname="TDD.Practicepage.Navigation" name="checkbox" time="0.0">
    <ignored/>
  </testcase> <!-- checkbox -->
  <testcase classname="TDD.Practicepage.Navigation" name="thrusday" time="0.0">
    <ignored/>
  </testcase> <!-- thrusday -->
  <testcase classname="TDD.Practicepage.Navigation" name="email" time="0.0">
    <ignored/>
  </testcase> <!-- email -->
  <testcase classname="TDD.Practicepage.Navigation" name="radio" time="0.0">
    <ignored/>
  </testcase> <!-- radio -->
  <testcase classname="TDD.Practicepage.Navigation" name="city" time="0.0">
    <ignored/>
  </testcase> <!-- city -->
</testsuite> <!-- Testing -->
